\BOOKMARK [1][-]{section*.1}{Abstract}{}% 1
\BOOKMARK [1][-]{section*.4}{Introduction}{}% 2
\BOOKMARK [1][-]{section*.5}{BACKGROUND}{}% 3
\BOOKMARK [2][-]{section*.6}{Scheduling}{section*.5}% 4
\BOOKMARK [2][-]{section*.7}{Terminology and assumptions}{section*.5}% 5
\BOOKMARK [2][-]{section*.8}{Perceptual Task Compiler}{section*.5}% 6
\BOOKMARK [3][-]{section*.9}{Admission criteria}{section*.8}% 7
\BOOKMARK [3][-]{section*.10}{Additional metadata}{section*.8}% 8
\BOOKMARK [2][-]{section*.11}{Perceptual Task Evaluator}{section*.5}% 9
\BOOKMARK [2][-]{section*.12}{Perceptual Scheduler}{section*.5}% 10
\BOOKMARK [3][-]{section*.13}{A perceptual baseline - EDF parameters}{section*.12}% 11
\BOOKMARK [2][-]{section*.14}{Schedulability test}{section*.5}% 12
\BOOKMARK [2][-]{section*.15}{Perceptual saliency queue}{section*.5}% 13
\BOOKMARK [2][-]{section*.16}{Temporal dithering}{section*.5}% 14
\BOOKMARK [1][-]{section*.17}{EVALUATION}{}% 15
\BOOKMARK [2][-]{section*.18}{Testbed - 38-node system}{section*.17}% 16
\BOOKMARK [2][-]{section*.19}{Microbenchmarks}{section*.17}% 17
\BOOKMARK [2][-]{section*.20}{Results - Microbenchmarks}{section*.17}% 18
\BOOKMARK [2][-]{section*.21}{Macrobenchmarks}{section*.17}% 19
\BOOKMARK [2][-]{section*.22}{Results - Macrobenchmark}{section*.17}% 20
\BOOKMARK [1][-]{section*.23}{Future Work}{}% 21
\BOOKMARK [1][-]{section*.24}{Limitations}{}% 22
\BOOKMARK [1][-]{section*.25}{CONCLUSION}{}% 23
\BOOKMARK [1][-]{section*.26}{ACKNOWLEDGMENTS}{}% 24
\BOOKMARK [1][-]{section*.27}{REFERENCES }{}% 25
